1
1
2
3
6
48
4968
6258
3762
2970
5070
5796
1152
2318
1944
168
2368
6812
9933
7128
2214
14076
3372
2688
4984
4083
4224
2003
986
9959
5936
3080
4200
9954
8136
108
8388
840
4200
420
1680
240
4032
1188
512
9720
1044
2100
1352
4514
5300
3072
936
3380
5432
264
3120
9622
1998
1320
4480
245
7500
660
516
192
14780
5060
6360
10800
2468
12068
4800
1424
7728
2808
912
1440
4032
3440
231
7992
384
5216
9936
4980
2820
4800
3630
7863
7830
1544
13871
8712
4592
6888
11016
4284
5680
2520
13944
4240
11718
1080
1968
5860
5346
3828
336
1656
2304
8471
2496
2144
3360
13572
7079
8968
498
828
8290
816
448
5502
160
4641
2324
4320
5184
9180
348
2080
3802
3792
5480
1152
9702
3696
3978
3564
3864
768
2550
4752
720
568
3552
5600
1248
552
8346
3440
6708
3764
4136
4096
534
4648
3500
7448
2592
3528
1806
3819
5816
27
10800
5976
1656
3812
5112
8553
4638
888
3000
1118
5940
1260
8360
7112
3162
1136
11880
10346
288
3072
1552
528
9408
4806
911
1355
1640
10432
3888
14196
1280
5376
4200
432
1440
3582
15353
1258
9120
720
144
546
68
5440
5240
2496
5355
2376
12618
2808
2736
1536
9000
8912
2808
2720
9576
3324
2016
7319
6848
2400
2206
783
2970
396
7626
2592
5740
3036
5060
4992
2163
10738
9612
3708
1044
4510
492
2560
2592
4316
4784
4800
6576
9684
9100
1840
7814
2928
1590
36
3384
4032
5038
7121
8012
2951
7128
2250
1920
8816
9632
3579
10800
2988
5184
3312
6840
5358
4818
2472
1710
9356
6144
8800
2400
1260
7920
5272
3060
6510
6056
648
4848
6300
2160
5126
2340
2592
3072
960
4656
11720
2944
5532
2016
4792
648
3584
3744
2880
7488
2376
5355
2926
3312
6903
12711
15029
6036
1800
5460
5632
1116
2508
660
4264
2400
2184
2224
8000
3908
2736
5328
14040
1912
2984
2640
3864
4320
12335
6144
4960
10080
5760
4784
2400
4200
2064
1486
13266
1920
1680
600
7832
5220
11556
4392
6808
2636
756
11520
3366
11920
9678
12408
12852
12880
10004
2226
7421
2398
1056
784
2592
4182
13496
2784
2208
5520
1080
1320
1296
9520
896
3864
4576
1020
3276
936
576
5040
2400
1440
1400
2880
60
2162
2424
3552
4032
1892
2450
2970
2624
11844
1232
4096
5216
2688
1595
12000
1452
3888
5060
6288
4032
10258
5888
7776
6368
648
2400
9936
7500
6000
7440
2600
6125
2496
696
14603
2592
5240
6068
8424
4968
352
1920
7151
7012
8262
5760
556
6432
2400
460
3612
10260
4152
8424
5152
6072
3510
12336
2250
1310
9840
9372
5000
4956
11831
3743
5454
1152
9100
9720
8568
6216
3840
1820
1500
3248
3516
3456
1200
1223
4320
5891
10428
1840
13053
5616
15791
4482
6800
8232
5546
5040
1720
1880
1398
666
11160
636
7929
2880
1166
10584
4000
3342
7752
6840
2304
12224
4871
12072
1680
2735
4800
4896
1794
7413
13973
7606
11652
14463
984
4374
4760
2838
6228
10034
466
3975
11528
2904
650
4992
7868
8595
2514
576
1584
1020
11862
3738
108
1440
1872
9520
5832
7304
525
7086
1260
3840
1500
1440
3680
3150
1296
7800
360
5470
1983
6021
1602
7568
13950
5238
4704
10100
3420
2052
1584
1470
4918
5486
1512
1512
630
4476
5346
10760
4896
3420
3108
6218
4296
1566
2760
4860
3456
3672
2038
432
5736
2972
1328
324
13875
1872
2448
3648
2640
5488
1040
5184
10623
4158
5400
933
1296
519
1464
192
2324
4080
4464
1836
5310
7632
4180
2496
1152
7128
528
3024
6600
5544
13490
7314
5832
6728
2256
108
13970
2208
2724
5075
6168
1800
11600
3936
10248
8345
3312
5682
10584
10266
10498
5640
3024
4044
6462
6720
6048
7128
6176
975
3000
6840
3450
15539
640
176
2772
4360
8100
7560
3432
7911
10908
2816
5376
5508
598
1452
5280
3216
5184
8564
1583
1400
6822
720
13560
8184
2940
2640
866
6528
900
2034
2364
3240
7344
3832
11664
4560
1710
1640
414
6240
7938
1760
6806
11328
13968
1782
312
4659
3803
3808
618
928
1188
3960
7200
4672
2292
12672
5416
95
272
3720
6240
14901
11232
2412
210
3492
1734
3920
1260
8242
2016
3456
9791
234
9180
10032
6160
5796
1520
5000
3
11616
1008
1926
1440
4096
6440
2502
5544
8544
5390
2940
7992
2600
912
9196
7004
4320
1012
2688
4608
5120
924
5632
11640
3592
1800
1656
6360
1530
4176
2464
1728
400
3942
3960
1344
7968
9801
1104
7224
1110
7320
6912
936
2730
9060
3204
3840
3210
13932
1440
3000
3744
13068
4848
1008
260
4032
448
4608
1056
3726
6420
14643
8994
8628
1596
5120
12840
6912
6048
14375
6048
648
7056
2375
5216
3240
5616
2795
3852
3872
2112
4608
6264
1080
12792
2502
650
7374
2880
7728
1400
7904
1152
13364
4352
1224
1282
5856
4888
2129
5124
3104
2002
3336
270
8820
3080
4536
3428
1101
5756
12036
5520
2178
11640
2984
11700
11792
4214
5814
1296
6600
3888
10436
1128
4020
4860
10290
12600
1020
5920
6740
1154
1494
2430
432
5856
10148
6504
3840
4656
2652
6600
2790
15024
1306
6264
9840
6761
6105
2880
5544
5580
4000
2464
80
792
4712
5306
5915
860
2232
3936
5544
3978
5916
6920
10722
1728
4080
3500
15321
140
6552
5592
44
5333
4400
2436
6258
5796
3168
1152
5992
2016
3840
2544
632
5160
2940
704
3294
6930
12384
2948
3344
144
5292
6236
2664
10100
8304
3026
5088
4888
8480
8496
3072
4400
60
5544
3412
1302
3600
4080
2718
4620
930
3120
4428
5200
2640
8330
2944
600
4688
14286
6186
4752
6072
12896
5100
1224
3456
4152
7606
144
5400
9498
3288
10664
3584
5214
5904
7726
4324
4613
723
7416
4914
10740
11904
8038
6984
4320
3200
2916
6388
920
4392
7696
13020
2126
4620
14688
10038
7380
5346
5070
172
2880
3330
11429
666
4492
1672
4346
4452
4140
1228
2360
3440
1080
9370
1160
1680
3036
3690
5520
6390
7560
5264
3456
1356
4592
1242
4032
11939
960
6480
600
11340
10098
11472
16101
1606
1140
924
960
11190
7349
4032
5032
4848
6446
5376
7260
5684
4992
396
4560
5880
82
8952
4916
2316
5364
9860
9288
2016
5096
5520
10400
4032
2624
9690
6636
4736
4224
4824
5340
13008
9560
2560
306
723
3996
11796
6540
750
5600
4848
324
4520
9072
3600
3005
1791
12984
2760
3000
4800
4676
6024
3780
10644
7461
12000
160
3792
4880
7632
2430
3712
3312
6720
3294
6173
576
3552
12518
6048
750
504
3600
2126
4140
4830
10064
4320
5190
660
2016
8760
198
1628
6788
768
5796
14040
4200
688
2752
7540
13070
4240
792
2960
2376
6078
3740
5558
864
3584
10080
11000
11280
5336
4968
3900
5816
5568
809
11492
4302
4060
6732
1360
3972
7968
3388
1349
2148
11316
4200
3504
2436
7176
3564
7626
10620
3840
6948
12180
9030
4838
1332
7200
10613
5400
5931
4800
6924
12090
7590
9280
1096
1408
6916
2400
5712
768
4932
8154
966
4550
5294
8900
6160
9219
2204
6084
3264
2232
10512
2664
3480
4660
9354
7216
672
3248
1122
10752
15923
4590
1656
11376
3933
3108
4604
3120
2500
3444
6000
704
10626
3456
6440
2741
2100
6424
1960
1320
5249
6336
6588
14250
8352
13752
90
4640
5376
13590
1320
515
2860
940
8
2400
1432
2040
9606
2744
12320
6074
831
4089
4830
7080
341
2392
40
6614
4192
562
15573
9050
4140
5796
4480
1872
12540
2000
6500
3456
6360
5040
6000
5166
900
6636
2472
7680
80
7680
6804
2200
3
2392
8510
7668
12464
4136
3864
4732
9012
4268
432
55
330
14726
8964
8268
1696
14540
3846
12381
3449
1856
2664
5808
1666
3960
3300
3360
2868
11292
5632
2016
96
3444
10224
5568
4830
2448
9000
4228
864
7668
888
3438
7680
336
1200
12096
2560
13551
2520
3551
2016
174
2864
1859
2856
6078
6336
2195
4702
6806
864
2670
2376
704
4340
1848
1560
1568
5650
6096
912
8658
3840
6180
2752
3808
1100
600
1778
9132
4788
3672
3328
4032
9240
224
1440
5759
1960
2970
256
3696
2272
5849
3200
9400
4000
880
6380
3488
598
2592
14630
3402
720
4270
5478
696
9758
12768
4716
4536
7052
11268
6500
6030
3930
3800
2969
5440
1133
4312
7334
8028
14958
4140
2520
7160
1568
5040
4296
1568
4680
5312
5810
641
2052
5772
900
1316
4476
3540
2520
4368
54
4032
7888
4320
6832
3180
2784
7116
6444
1632
1416
9498
9644
1320
4404
6678
3420
3300
6240
10024
1944
5100
2112
8046
980
13049
10296
220
2248
3888
1356
3744
9936
9
11504
936
1096
1710
1872
9216
2310
1848
4000
432
2240
5628
3456
1326
6544
14958
2108
8040
15765
1331
7586
756
4500
2328
2154
4680
1464
2760
2538
4560
6996
460
6854
3408
1320
6240
1296
7248
3768
5688
5315
272
1044
3120
4224
4764
6489
83
3456
1920
4821
4752
1140
11114
2880
9408
6000
1890
2576
4968
4640
1288
4320
155
8001
12156
4695
1560
900
10356
6924
792
3988
4494
3605
6450
12144
3360
3216
605
2880
3132
5832
9180
7680
2376
12096
1408
6144
7056
8114
16310
8252
4661
6072
5760
8964
1024
2952
12524
5396
5058
330
9198
2721
7700
288
2612
4860
11124
11616
256
2970
2700
5400
4680
2352
4758
6108
5493
20
4888
5676
10320
2036
1920
4728
13632
4839
4500
14868
2559
440
8316
12719
2160
10130
6264
1520
4256
2880
2560
10736
14784
4932
7424
4950
1728
3552
10176
4458
6864
1292
4740
6600
360
3312
3600
2889
7800
12731
4752
13800
7282
5168
1896
398
11550
10398
4430
8904
7251
7596
3641
3384
8592
104
5040
6888
9688
5500
5920
6692
3960
2856
9858
6160
7176
13440
616
3431
4374
7128
6816
3024
7830
4704
3720
6960
7088
2016
6132
3054
7644
1080
4704
1048
2880
2236
6828
3773
6732
1071
4000
384
300
6112
4320
4656
3852
2476
4020
5568
2160
4626
4520
1986
1296
16154
7744
15582
10688
3744
5226
6720
7450
8712
2208
3516
338
90
1900
4408
3824
7260
8886
1200
5838
512
3360
2332
6132
7410
1536
3864
2076
12702
9558
6400
5489
3658
1432
1440
5856
1092
14472
4592
1533
6078
1296
7308
522
10080
5019
618
7918
1524
160
10680
6024
6096
6380
1608
1760
6696
2688
3168
5200
13092
1728
8432
6408
3456
1920
2368
16
9606
2448
4740
480
5586
1430
3744
960
11754
10836
9020
3150
2970
1920
180
2682
4048
3018
5040
5004
876
1152
3720
4284
7500
5559
4320
10491
13760
4800
4730
3132
4480
4140
2772
3818
3774
6300
4420
7680
1752
7000
2160
1088
5376
2800
8100
4662
14201
40
1620
10512
2304
7203
132
2916
13908
6318
5832
7000
3312
3264
1380
4848
4458
4368
4620
408
6160
4410
120
2424
2280
7164
9820
5124
2664
720
6262
4608
1960
2592
5460
1800
9472
2088
10400
9612
7340
1120
1664
3184
7560
840
7920
3622
4368
6512
14672
4098
2028
5844
4282
833
7259
3360
2080
11340
4006
4896
960
2400
1600
6263
888
10066
2600
4272
6960
1548
7700
5728
4284
6608
4592
1640
1120
6630
8058
9926
12560
360
1140
3600
3200
1626
1944
1172
1392
4480
5386
864
2034
1768
1500
116
3936
1968
14364
3118
3692
2752
9648
1773
4720
8352
2400
3080
8640
960
2016
5420
5100
7940
4200
1710
2016
3725
2160
1800
7560
2160
4896
1890
14793
2400
4140
6120
2520
14112
5976
1964
10080
5220
138
3996
2636
6216
3824
6180
4869
2688
9720
1056
9768
64
8964
1620
2658
11562
1904
2478
2280
20
1184
3456
4536
768
3402
42
5040
5151
7776
4176
7452
3456
6912
6720
1080
12650
1260
8820
10500
6984
5560
2032
5574
2520
4152
8592
6878
630
10964
9128
2750
4992
15146
6138
264
946
1600
624
7580
13770
3872
1320
7790
3099
10368
6300
5952
1560
3372
1008
1260
984
8640
5840
2768
7542
3456
2036
3488
1908
3054
6896
3864
12014
15153
6956
3720
3564
1536
1776
6920
9504
1664
2880
98
6264
3240
4524
3072
1536
1386
2242
6654
6732
4420
10890
5060
11016
5568
8580
8063
2800
2964
972
8246
3200
4374
11200
4320
10074
4480
1980
6424
732
9636
4970
3360
3312
4925
9504
8184
1716
3432
5100
4536
1749
8184
3648
7686
2240
888
2880
1572
5904
5126
10050
2520
10858
13800
3072
5672
3033
5600
3264
7413
4700
108
3840
6300
3036
7068
13131
11754
5184
6336
972
6479
12600
1952
2748
2268
4124
4601
6210
936
3768
989
3384
1276
5720
2740
780
2592
1092
1102
2580
7172
3150
96
15626
2112
6276
3456
13494
4536
2564
14112
13310
320
3081
1470
2934
1200
32
2968
7524
116
2100
9350
3392
1870
5600
210
3612
3636
2730
78
4598
1790
2880
1008
2135
2712
192
2176
14313
3420
3513
120
5000
14700
3612
9922
2592
3120
4608
9296
3784
3960
4930
6591
1880
1344
2608
3216
10050
4662
3630
13824
468
720
1680
7530
2688
4674
4034
3024
1680
12740
4176
648
4080
276
5160
2960
7744
296
7884
4674
8003
3448
4380
13626
2024
2718
6248
546
1216
720
3792
7538
1716
4874
1440
3911
12980
4400
3160
2088
8232
1440
7488
7176
3528
5800
530
2298
6336
6914
8093
11160
2180
1056
1434
10120
1224
1454
492
12003
9156
4368
3888
1512
3772
5184
12582
618
4734
7212
3888
210
15960
3708
1344
1522
1280
1920
4116
1578
11904
4200
4956
4952
3840
7040
2898
8940
2016
2184
6071
12432
3806
9600
1920
1366
9360
1152
1272
7193
2970
4575
3870
243
1080
2112
1152
884
9530
3060
3840
7120
7704
5928
6006
2376
3564
11080
4896
1760
10388
4854
7391
11520
5568
2862
1404
15488
252
1920
4212
2160
400
4320
1194
1200
509
864
46
4440
6336
5568
2592
7480
1260
7025
7038
1440
1200
6806
3466
3672
12936
9672
4536
2800
3966
480
4440
1008
3584
4582
1092
15638
3816
984
13713
14076
3546
9490
1463
13104
6672
864
1848
1200
1600
9900
2760
2112
4572
4416
192
5380
8903
20
4128
2658
10745
5152
1224
10080
6580
8568
6720
2640
9540
14064
2654
1860
16184
960
48
4896
6120
5000
6588
8040
5088
849
6864
10302
1530
2688
4313
3240
86
7126
732
15509
6144
704
4224
8000
2753
3816
2160
7550
8660
3088
6410
2838
5880
1920
6472
616
13310
6360
1768
10584
2760
7040
9918
13260
6930
12240
13386
5256
432
772
5096
7336
6912
9072
2693
5871
10304
7488
2520
1944
14343
6668
3428
6021
11220
1296
13680
2000
3432
4905
4644
1346
5832
2880
2624
22
4308
15435
2952
1560
6000
2460
8008
6156
10746
1800
2466
4620
2178
6570
11880
1625
10800
6668
156
9293
8820
6408
4152
1008
240
3978
3210
1440
1306
5020
984
1068
5920
2720
2502
5200
3080
4536
1906
6480
12528
2730
2080
264
3888
4482
4640
13224
3984
6540
4092
590
6570
6052
3840
108
10995
12960
1544
2304
1155
882
4776
9054
2846
6644
7638
6669
7638
7643
4760
1260
7832
7725
6800
4608
1824
586
4292
4004
5376
9968
15344
6720
4480
528
12432
498
5292
1536
720
1148
1186
600
2361
3000
4896
8841
4472
3420
2002
2136
7748
3690
2728
3024
3960
2340
3000
4500
10044
3780
4950
1224
765
9998
336
6600
4992
7038
2231
2592
3554
4664
9155
7290
5600
5640
10020
13848
3000
13856
1146
168
3708
2048
3272
3900
3780
2448
9504
7268
6705
6929
5888
1620
162
756
9240
4710
9108
2280
10800
2304
3420
5418
864
3155
3304
1760
3900
10373
5490
7706
7884
13608
2760
3288
1288
4338
12240
864
2584
3132
9360
9660
2304
9460
1008
2352
5400
6060
5292
1004
1728
9824
4680
2280
7920
9720
4272
2906
3974
10038
3528
3876
3570
9282
1760
9760
4640
768
432
3000
5616
4256
8031
3240
6920
13374
7840
1652
1485
2486
3320
7560
6480
5376
7920
14976
6480
2028
3108
8352
9770
11760
7313
1788
1536
7223
11988
2176
12432
960
3036
4200
6400
594
4430
3606
5940
7316
630
192
15885
6714
1952
9936
10761
6240
4148
2592
88
1610
2538
5760
1704
11732
2850
1440
2304
9912
800
3528
4800
3648
1520
13338
2466
8232
6816
6120
4980
1364
552
3840
1104
9108
4988
12992
544
4793
6384
3696
7104
524
2400
10896
1640
5676
5760
9198
10224
2129
8800
3168
148
6656
1722
2048
5808
10164
7344
5440
9578
4728
11580
12476
480
1626
332
11160
5544
4032
8748
5760
318
4356
5166
2240
1772
2310
288
10560
678
5538
9828
2640
4756
156
8064
11832
384
1752
3370
2304
7140
1320
7992
4680
7410
5208
3024
1188
10023
15755
8160
2352
1932
2616
648
1560
714
11700
2800
13428
6702
9543
360
2000
4076
232
13170
5028
1896
9063
3878
9738
12200
6930
2105
6240
9886
3914
4536
462
5940
8352
2310
3328
11550
11940
1620
1572
2910
4374
2872
1032
11660
5120
6960
1344
14510
4656
9756
5630
4968
740
1260
7908
4816
10880
5966
5889
7209
4854
100
11100
1224
14766
12240
3360
8799
7776
3460
7104
4368
6618
2880
1220
14036
4409
7518
6372
6960
2496
630
5996
3456
2268
5616
9840
4800
9605
3328
12846
4320
1878
7560
8256
8204
1484
5940
432
630
3456
2466
8460
1740
2834
4536
1680
5123
9408
2573
9930
7200
1124
1134
7592
1296
4968
5358
2583
576
3108
7500
3456
12570
7296
10866
6264
2214
3756
6072
900
2430
3792
7192
1512
230
14256
1560
1620
5760
1152
800
4536
294
3780
6390
4286
4176
7640
600
7679
2448
6906
672
780
64
6798
3480
1452
2520
15440
1890
11638
4056
8370
4480
6420
1512
648
4452
3732
4140
4860
7772
936
3960
7056
1044
10464
3552
990
9185
6976
1680
5616
6790
1494
5720
2553
4848
11628
2790
5184
2088
2200
1788
720
13500
5148
3420
4640
4419
1070
11340
272
5280
2184
13040
2268
1724
10040
8114
4709
7896
11180
2715
5748
826
7710
250
5700
5568
2112
6552
1980
9804
12792
3708
3648
3666
6120
8784
5680
7956
12240
2616
11484
4200
11880
4590
1920
15548
4400
1404
672
7656
11364
6720
1956
6048
4844
5040
7700
3320
6744
414
4536
1800
6408
2732
3584
3456
146
2900
13986
4323
13356
2400
5160
1372
2670
7176
560
9
7488
6080
4872
1712
1492
1308
7000
1000
1200
6552
5112
2476
12956
8772
3588
6776
1258
114
5106
2292
930
664
1404
3588
306
15048
5868
9990
3168
5688
6840
7518
5816
4664
3024
10350
12516
12290
3696
1656
3600
1542
11220
5423
2640
6624
5418
5200
5432
166
5723
7266
1980
7800
2456
10272
360
11145
9741
6120
2756
4876
5188
3036
14390
7128
1978
1122
14196
540
2520
3024
2992
4901
1338
3474
4914
1176
10743
2304
8208
4554
11880
5871
232
9752
4374
2808
4928
1920
1872
864
15404
9912
8520
7410
2312
1356
4980
192
2560
714
7128
8640
3836
5346
2016
4488
8435
1536
6246
6552
4400
14520
3980
980
336
13728
15372
4500
6800
2496
4536
8280
756
2324
1728
4800
6300
5760
9504
6824
761
5400
7920
5328
3014
4433
1092
3024
5100
954
6840
3732
200
168
812
3276
764
4480
441
6410
9740
2368
3760
6332
264
11730
792
2592
2880
5328
6804
3791
6624
2448
658
3812
11801
3096
1912
756
7498
7440
6998
8910
1080
6812
3780
612
792
3600
2836
3672
5040
6776
1815
8448
611
1176
14940
4128
2420
9108
7636
14000
9308
4176
3240
15498
2060
15120
2600
3600
936
5886
5400
1792
4464
5160
3879
12926
3420
2604
13056
2748
7416
5069
12852
240
1428
352
7020
5800
8864
624
5520
9909
2548
6189
3600
2310
3306
2240
11496
6848
7200
4440
6000
3564
8978
800
1080
8166
15668
5832
9540
12246
4176
1290
6593
3680
4920
8778
5478
3672
2880
15026
972
11760
4200
1152
176
296
1356
2772
112
7600
1864
2142
8076
5076
1776
2712
6446
5358
7008
3894
10080
4004
3168
2136
1680
14238
1400
3560
915
11913
8804
11868
7008
5118
4368
1728
13349
3288
369
3824
326
3640
6965
1864
1200
4872
1620
284
2786
11684
4320
1581
7200
4416
5760
486
430
540
4016
648
3456
1660
4730
1584
1872
5376
216
11055
7128
7000
6300
1008
1008
2688
3596
1764
7668
4032
2508
5560
1800
880
15606
9989
6068
4632
4560
8960
420
4260
5880
1618
7194
2730
5536
504
5760
3360
8166
3024
7488
8045
6600
240
4200
2340
4428
1980
3608
50
388
3392
5466
2768
2612
3392
738
1872
3816
3960
3612
3024
1296
1560
13338
1295
3120
7284
390
7720
9720
2435
4944
5712
3422
6768
3288
4056
8190
2088
936
100
6588
1260
6524
3753
2466
5148
3888
5412
4536
5250
5280
2400
10902
7260
6534
4878
24
11403
1260
1960
2046
7304
9200
3808
14894
10120
9108
10800
12768
448
1760
8910
6210
448
108
9150
4466
4032
4164
1860
2430
5184
1184
12920
15470
5472
5112
3710
7053
9728
6606
5415
3366
2160
1746
6912
6192
7296
2184
4000
10780
2608
3240
4900
10260
5400
966
11408
14208
8316
2736
585
7721
525
2592
6942
4032
1071
2520
3328
1792
11184
4211
720
6468
696
7032
1040
8456
13566
6716
645
15240
4752
13616
576
2460
9090
6804
3690
3690
1728
9396
2024
1992
3114
4896
14100
2232
8280
3072
3680
478
4536
5340
3710
12528
5060
12489
4896
3352
2112
4152
7200
1031
3636
1884
1560
7620
2460
4920
2268
864
4140
7373
10703
4998
9108
2560
112
12870
7425
13800
2592
8360
9856
3071
11756
4424
2624
11480
4240
5903
2160
5400
5148
3444
8144
6000
1089
1728
9984
936
12978
13280
6120
6396
5640
3864
6480
1328
12572
2000
13344
3240
4050
7520
14258
4986
2808
6048
6120
1638
6652
7176
13896
4680
4560
4496
15750
2040
8116
16100
2484
2808
3072
6424
432
215
5040
9642
4730
5520
1920
9632
5610
3560
8160
936
4912
2688
3720
9944
544
3920
1076
6206
2256
309
1800
12851
216
5616
8064
7824
8748
1582
10440
3456
11760
12020
3366
15908
13698
3100
5280
3240
7800
12329
2360
7074
8051
9720
10692
3336
4320
4640
4680
1500
5003
2184
2008
2808
72
2754
560
1680
948
6480
10458
600
3000
1248
7056
4560
2100
5880
12300
9432
7288
3168
2816
14
522
7734
330
3480
5920
2300
11016
3822
3020
6864
226
6048
998
828
6624
4704
5400
2632
3096
9864
5238
3600
1872
12096
6342
12390
11645
5316
2886
442
2006
1024
11310
6696
312
6900
6372
1728
10548
4760
8688
13520
9066
3120
6290
2760
10224
6120
6839
4224
600
1172
6588
1600
1536
1018
4716
4908
7775
2040
3022
6188
2880
15014
3000
9600
5796
3888
1272
1950
4416
498
1656
5120
14520
1360
4240
3888
3024
2160
1860
606
4480
7648
3204
2160
8112
6160
7014
1472
3600
6251
13553
3900
9320
6380
785
9401
9216
1776
4140
5111
4716
11766
32
2112
3100
5264
2520
10
2944
312
2160
144
3784
3456
2016
7680
12096
324
2688
5424
6624
96
3120
4932
10500
13850
7632
6860
3750
3131
1960
1840
1820
2304
3840
920
4368
3120
6920
6750
13440
1108
2016
4600
3360
2304
4512
9000
5076
2576
5712
3808
15470
208
8208
2652
3575
3560
3160
882
576
3888
743
312
224
2640
1506
300
2460
1272
2876
5010
4608
9
4840
2178
1440
1568
8424
4704
1380
3168
5649
408
2784
3800
6000
6132
6426
1068
6384
2652
3780
1624
5735
10053
1160
860
3090
9256
696
2340
3558
786
464
9221
5838
6426
280
7296
4608
7421
14561
5460
9000
852
1782
2483
6804
5280
10800
1584
7896
9072
6125
6900
8736
1704
4056
9396
5430
4268
256
4158
5616
1360
11978
5230
3492
4972
2268
10080
11928
3216
7416
11460
1068
5272
3712
13800
5910
13328
2392
3360
8028
2376
10656
4352
5038
4156
5364
1260
7038
9108
7392
3600
4392
735
6400
6336
336
4862
2754
9918
4968
1848
1600
11300
3240
8646
13104
5396
4678
1040
7490
784
4211
1806
8320
952
6658
3408
684
39
15884
2736
3060
8778
2610
10626
5600
1500
9360
2496
4212
890
1436
576
3360
4476
12168
840
2160
1696
7259
1080
2748
848
704
2376
6114
15552
6990
1656
6160
4860
2699
375
4432
3270
15876
1770
4140
10832
1512
3888
8604
3708
5280
3088
6272
11600
72
1600
564
13545
2472
4660
1872
896
8280
2240
7548
1820
9284
11184
1680
6156
7379
2448
8694
2236
7792
7392
3744
5520
3240
3360
8640
3312
5040
2400
2484
6624
4410
3670
1996
6573
5430
1944
15236
3636
4278
5
3096
4336
14396
1938
3120
3140
13346
2574
3744
3880
11012
5508
7244
8820
7776
10836
5028
11136
11520
4874
360
3216
6550
7896
2160
1448
4992
880
10260
9000
720
134
606
4680
12936
7314
7440
1836
2024
2568
5424
7104
1830
6700
2700
344
1276
2818
162
4356
11178
5112
6072
6456
3120
736
2070
7704
104
7020
3600
10368
7560
5904
8811
768
3744
3168
5660
4480
4736
3888
9108
2112
3564
3456
5502
2576
960
3396
12180
996
7488
5000
4680
12240
7176
410
3456
6453
3444
480
443
5424
3990
4224
1368
3024
7560
12320
6255
3024
5392
8280
7808
10764
7361
12282
3120
2552
11549
5508
4928
1685
7032
1728
9072
6048
1528
640
2304
3143
528
9504
6192
4472
8604
876
10680
1920
5900
480
6855
3138
10584
6843
360
5476
8990
2283
3696
3612
4440
1920
2000
176
3744
9280
1920
4338
1200
5148
5878
4320
8148
5520
3360
5040
11033
352
6322
6113
14430
1660
4576
6204
7452
8970
3592
4840
2160
3200
1890
476
5798
14040
12210
1584
3444
10800
4968
2028
2112
1296
6188
1080
8309
5984
468
1470
1636
4080
4752
7728
10962
8969
3453
1080
12648
1980
88
2880
1300
6336
136
11838
1792
2820
12284
8646
56
2391
4160
2624
3036
3456
4080
6732
3564
7836
5903
2538
2156
3528
14466
2196
216
7574
9438
2640
14421
7400
4284
2908
2088
6156
6501
1728
12846
2640
3551
3960
3222
4296
832
10212
100
1000
9504
3312
16293
2825
4356
6048
1176
7074
3090
270
3240
2260
5156
744
2162
720
1632
2070
1494
7424
3300
2712
5880
12512
7150
12000
6088
1316
144
5168
3584
5620
2376
5796
14016
12870
5076
6480
4896
1792
2304
1296
8328
7938
3180
3081
1276
2790
7722
4788
924
2850
8568
8848
4928
12011
2016
246
996
4278
7056
4910
1152
11300
588
3492
3071
2564
12704
4608
1104
4296
2646
1232
4068
4480
5184
9143
13200
6480
14918
3920
594
768
13886
5328
880
6624
896
5760
4970
7500
7140
2520
3168
3936
5121
10116
4200
4928
4396
13173
7104
4600
5274
4932
11144
15758
4536
3120
9432
1716
5090
3564
9720
13500
3312
4331
10032
14580
4109
4160
320
2640
324
396
5418
7028
11520
1856
1320
12000
6131
876
7184
14480
160
3280
1188
1620
8424
8352
3168
240
504
4158
3840
13550
860
4020
648
3312
2706
1440
576
288
3456
9240
15245
6624
3600
1081
7200
864
666
5940
10472
240
2286
8004
3455
1880
3024
2100
5482
3120
5280
4966
4752
1320
6000
1764
432
3520
15156
312
6720
7752
2700
6930
756
144
1530
4194
363
4380
6351
1512
3938
1248
191
12600
8400
11513
9432
2640
702
3580
1940
15381
11454
2808
330
3120
13044
50
1064
13698
1128
9520
2184
1188
2444
3168
4900
952
6624
5080
14774
4116
4560
7251
5400
12528
1080
1994
3360
1152
4860
224
9540
1344
4536
5900
5748
848
9869
2700
1925
8516
2639
8310
5940
14400
5552
4800
2048
96
1728
3840
4638
4096
1518
2850
4055
7702
4800
4704
4870
4482
1080
12276
5904
1620
308
9660
9918
2256
13640
3444
6948
10
7809
12096
10080
4314
1008
2160
4158
9888
1440
13000
178
2819
7612
5076
9660
3960
1872
7316
10340
160
6540
4452
11340
500
6400
812
4032
8096
2304
6426
1728
7062
5712
12000
1080
12873
1644
6074
7458
5040
336
6336
3960
600
5604
8414
9624
10416
3024
5772
2148
864
1536
11664
10254
6460
13266
7956
3700
3612
2178
4308
1854
5320
2204
2790
6006
3303
1632
328
774
1332
5256
540
4424
105
5640
7940
10368
1584
4944
336
126
5816
2686
5904
10368
2880
396
8832
4212
928
5775
3536
4928
1772
5190
12471
6000
2816
4360
5150
4860
12600
2800
3276
7239
456
2064
10331
408
2410
640
5280
15579
936
5400
4348
6432
5880
2100
2520
1968
3150
624
10850
2016
2100
7173
13068
1150
12345
414
11376
1104
5058
12000
4880
2772
30
1188
4200
864
6549
5400
720
7053
2490
3389
1173
1359
9360
2880
3708
1320
960
726
15560
1224
1560
2352
7361
2372
3504
2970
9078
7000
5096
1168
5208
6120
14498
3888
5859
2820
6240
900
612
4410
10056
7776
3158
771
11834
760
3120
4692
8370
4506
2430
7161
7841
12054
15054
4368
14850
580
1806
1520
444
820
432
252
2808
880
7920
13536
5280
5852
6813
7752
7056
12540
5782
4422
1972
6912
4518
2496
1730
848
3726
7800
1656
1008
5636
9360
10380
3672
540
3732
3180
3780
6088
2632
180
216
7950
1716
6720
8300
575
2080
11780
960
2136
6500
4854
5090
6760
288
3960
624
516
8640
862
4416
9720
822
7938
4104
924
7659
10800
1248
5380
5868
3840
5520
8748
7200
1440
4223
1923
1860
7452
12978
4056
4018
7478
243
1840
2376
1835
6192
528
11340
6480
1488
6272
1818
11052
780
16130
5844
13500
4320
6783
7480
7776
1836
7968
1200
4320
8400
2578
3366
7072
9568
2256
10398
2548
9920
1049
756
408
4544
3312
16384
